ERROR 2017-04-20 11:18:08 cxl test
DEBUG 2017-04-20 11:18:08 执行命令 [ls -la] [[1;32m成功[0m] [成功]
DEBUG 2017-04-20 11:18:08 total 52
drwxr-xr-x 2 cxl  cxl   4096 Apr 20 11:18 .
drwxrwxrwx 4 root root  4096 Apr 14 10:32 ..
-rwxrwxrwx 1 cxl  cxl    757 Apr 16 15:57 bss_chongqing
-rwxrwxrwx 1 cxl  cxl   1655 Apr 20 10:01 emic_command
-rwxrwxrwx 1 cxl  cxl   4007 Apr 20 11:12 emic_crypt
-rwxrwxrwx 1 cxl  cxl   1242 Apr 20 09:41 emic_log
-rw-r--r-- 1 root root    35 Apr 20 11:18 emic_log_file.log
-rwxrwxrwx 1 cxl  cxl  11004 Apr 20 11:18 emic_test.sh
-rw------- 1 root root     0 Apr 20 11:18 emicTmp_COnVgH.tmp
-rwxrwxrwx 1 cxl  cxl   3554 Apr 19 17:46 emic_utils
-rwxrwxrwx 1 cxl  cxl    347 Apr 16 17:00 loadtestbucket.conf
-rwxrwxrwx 1 cxl  cxl   3987 Apr 18 19:18 loadtestbucket.sh
-rwxrwxrwx 1 cxl  cxl      0 Apr 18 15:52 testbuckettwo
DEBUG 2017-04-20 11:18:08 执行命令 [rm emicTmp_COnVgH.tmp -rf]
DEBUG 2017-04-20 11:18:08 执行命令 [nocommand -la] [[1;31m失败[0m] [失败]
ERROR 2017-04-20 11:18:08 emic_command: line 48: nocommand: command not found
ERROR 2017-04-20 11:18:08 执行命令 [rm emicTmp_JHjFk3.tmp -rf]
